SF:lib\data\model\response\pokedex_response.dart
DA:11,0
DA:12,0
DA:14,0
DA:15,1
DA:16,1
DA:18,2
DA:19,2
DA:35,2
DA:46,1
DA:47,2
DA:49,2
DA:50,2
DA:51,4
DA:52,1
DA:53,1
DA:54,1
DA:55,1
DA:56,5
DA:57,2
DA:58,4
DA:59,1
DA:61,0
DA:62,2
DA:63,4
DA:66,4
DA:67,8
DA:68,2
DA:69,2
DA:70,2
DA:71,8
DA:73,8
DA:74,2
DA:76,10
DA:79,3
DA:81,1
DA:82,3
DA:89,1
DA:94,2
DA:95,1
DA:96,3
DA:99,2
DA:100,1
DA:101,2
DA:106,4
DA:111,2
DA:112,1
DA:113,1
DA:116,4
DA:117,2
DA:118,2
DA:126,1
DA:131,2
DA:132,3
DA:133,1
DA:136,2
DA:137,2
DA:138,1
DA:144,3
DA:145,3
DA:147,2
DA:148,1
DA:150,3
DA:153,2
DA:154,1
DA:155,2
LF:65
LH:61
end_of_record
SF:lib\domain\entity\character_pokedex_entity.dart
DA:7,4
DA:12,2
DA:13,6
DA:21,5
DA:26,2
DA:27,2
DA:28,2
DA:29,2
LF:8
LH:8
end_of_record
SF:lib\data\source\local\implement\character_local_source_impl.dart
DA:8,1
DA:13,1
DA:15,5
DA:17,1
DA:19,2
DA:20,2
DA:23,1
DA:26,1
DA:28,4
LF:9
LH:9
end_of_record
SF:lib\core\network\error\app_exceptions.dart
DA:13,1
DA:20,0
DA:22,0
DA:25,0
DA:26,0
DA:27,0
DA:29,0
DA:30,0
DA:33,0
DA:34,0
DA:35,0
DA:40,0
DA:43,0
DA:44,0
DA:45,0
DA:47,0
DA:52,1
DA:57,1
DA:66,0
DA:70,0
DA:73,0
DA:79,0
DA:84,0
DA:93,0
DA:98,0
DA:107,0
DA:112,0
DA:121,0
DA:126,0
DA:135,0
DA:140,0
DA:149,0
DA:154,0
DA:164,0
DA:169,0
DA:178,0
DA:183,0
DA:192,0
DA:197,0
DA:206,0
DA:212,0
LF:41
LH:3
end_of_record
SF:lib\domain\usecase\get_all_characters.dart
DA:8,1
DA:14,1
DA:15,2
LF:3
LH:3
end_of_record
SF:lib\core\network\api_base_helper.dart
DA:4,0
DA:8,0
DA:11,0
DA:12,0
DA:13,0
DA:14,0
DA:15,0
DA:19,0
DA:20,0
DA:21,0
DA:22,0
DA:23,0
DA:27,0
DA:28,0
DA:29,0
DA:32,0
DA:33,0
DA:34,0
DA:35,0
DA:36,0
DA:37,0
DA:43,0
DA:47,0
DA:48,0
DA:49,0
DA:51,0
DA:52,0
DA:53,0
DA:54,0
DA:55,0
DA:56,0
DA:57,0
DA:58,0
DA:59,0
DA:60,0
DA:61,0
DA:62,0
DA:63,0
DA:64,0
DA:65,0
DA:66,0
DA:68,0
DA:74,0
DA:77,0
DA:78,0
DA:81,0
DA:82,0
DA:84,0
DA:87,0
DA:90,0
DA:92,0
DA:94,0
DA:98,0
LF:53
LH:0
end_of_record
SF:lib\main.dart
DA:6,0
DA:7,0
DA:10,0
DA:13,0
DA:15,0
DA:16,0
DA:17,0
DA:24,1
DA:27,1
DA:29,1
DA:31,1
DA:47,1
DA:56,2
DA:69,1
DA:70,1
DA:76,1
DA:77,2
DA:83,2
DA:87,1
DA:95,1
DA:96,1
DA:100,3
DA:103,3
DA:105,1
DA:108,1
DA:123,1
DA:127,1
DA:128,2
DA:129,3
DA:134,1
DA:135,1
LF:31
LH:24
end_of_record
SF:lib\app_main.dart
DA:6,2
DA:8,0
DA:9,0
DA:13,0
DA:15,0
DA:20,0
DA:22,0
LF:7
LH:1
end_of_record
SF:lib\core\conf\route_generator.dart
DA:5,0
DA:6,0
DA:7,0
DA:8,0
DA:11,0
DA:15,0
DA:16,0
DA:17,0
DA:18,0
LF:9
LH:0
end_of_record
SF:lib\presentation\character\character_page.dart
DA:10,3
DA:12,1
DA:13,1
DA:22,1
DA:24,1
DA:26,3
DA:27,5
DA:31,1
DA:33,5
DA:34,4
DA:36,3
DA:38,3
DA:39,0
DA:40,0
DA:41,0
DA:42,0
DA:43,0
DA:46,3
DA:47,3
DA:48,1
DA:49,1
DA:51,3
DA:54,1
DA:55,1
DA:56,5
DA:57,2
DA:60,1
DA:63,1
DA:64,3
DA:65,1
DA:67,1
DA:68,1
DA:69,1
DA:70,0
DA:71,0
DA:74,0
DA:76,0
DA:82,1
DA:84,1
DA:85,2
DA:87,2
DA:89,2
DA:92,5
DA:93,5
DA:98,1
DA:99,2
DA:100,0
DA:101,4
DA:102,1
DA:103,4
DA:104,3
DA:105,0
DA:110,5
DA:111,3
DA:116,1
DA:118,0
DA:119,0
DA:120,0
DA:121,0
LF:59
LH:44
end_of_record
SF:lib\core\network\app_interceptors.dart
DA:6,0
DA:13,0
DA:14,0
DA:15,0
DA:16,0
DA:17,0
DA:18,0
DA:19,0
DA:22,0
DA:27,0
DA:28,0
DA:29,0
DA:32,0
DA:34,0
DA:35,0
DA:38,0
DA:39,0
DA:40,0
LF:18
LH:0
end_of_record
SF:lib\core\network\error\app_excute_exception.dart
DA:5,0
DA:10,0
DA:11,0
DA:12,0
DA:14,0
LF:5
LH:0
end_of_record
SF:lib\core\network\network_info.dart
DA:9,0
DA:11,0
DA:12,0
LF:3
LH:0
end_of_record
SF:lib\core\network\network_service.dart
DA:8,0
DA:9,0
DA:10,0
DA:13,0
DA:15,0
DA:16,0
DA:20,0
DA:22,0
DA:25,0
DA:26,0
DA:33,0
DA:35,0
DA:36,0
DA:39,0
DA:41,0
DA:43,0
DA:50,0
DA:54,0
DA:61,0
DA:65,0
DA:69,0
DA:71,0
DA:76,0
DA:78,0
LF:24
LH:0
end_of_record
SF:lib\core\utils\extensions.dart
DA:5,2
DA:6,0
DA:10,1
DA:11,6
DA:13,0
DA:14,0
DA:15,0
LF:7
LH:3
end_of_record
SF:lib\data\repositories\character_repository_impl.dart
DA:19,0
DA:27,0
DA:30,0
DA:32,0
DA:33,0
DA:34,0
DA:35,0
DA:36,0
DA:37,0
DA:41,0
DA:42,0
DA:43,0
DA:44,0
DA:45,0
DA:47,0
DA:48,0
LF:16
LH:0
end_of_record
SF:lib\data\source\local\hive_database.dart
DA:14,0
DA:15,0
DA:16,0
DA:17,0
DA:21,0
DA:25,0
DA:26,0
DA:28,0
DA:30,0
DA:33,0
DA:34,0
DA:38,0
DA:39,0
DA:40,0
DA:41,0
DA:43,0
DA:44,0
DA:45,0
DA:46,0
DA:53,0
DA:54,0
DA:55,0
DA:56,0
DA:57,0
DA:62,0
DA:63,0
DA:64,0
DA:65,0
DA:66,0
DA:71,0
LF:30
LH:0
end_of_record
SF:lib\data\source\network\implement\character_network_source_impl.dart
DA:11,0
DA:13,0
DA:16,0
DA:17,0
DA:18,0
DA:19,0
DA:20,0
DA:21,0
DA:23,0
LF:9
LH:0
end_of_record
SF:lib\state\notifier\character_page_state.dart
DA:7,3
DA:21,1
DA:28,1
DA:29,0
DA:30,1
DA:31,1
DA:32,1
DA:33,1
DA:37,0
DA:38,0
DA:39,0
DA:40,0
DA:41,0
DA:42,0
LF:14
LH:7
end_of_record
SF:lib\state\notifier\character_state_notifier.dart
DA:9,1
DA:12,1
DA:16,1
DA:18,2
DA:19,3
DA:22,5
DA:24,1
DA:25,0
DA:28,3
DA:30,7
DA:31,5
DA:32,2
DA:34,0
DA:35,0
DA:36,0
DA:38,0
DA:39,0
LF:17
LH:11
end_of_record
SF:lib\state\notifier\init_provider.dart
DA:18,0
DA:19,0
DA:21,0
DA:22,0
DA:23,0
DA:27,0
DA:28,0
DA:29,0
DA:30,0
DA:35,0
DA:36,0
DA:37,0
DA:44,2
DA:45,1
DA:46,0
DA:47,0
LF:16
LH:2
end_of_record
SF:lib\presentation\character\widget\character_list_item.dart
DA:9,1
DA:18,1
DA:20,1
DA:21,0
DA:22,1
DA:23,1
DA:24,4
DA:26,1
DA:28,1
DA:35,1
DA:36,2
DA:37,1
DA:38,4
DA:39,3
DA:52,2
DA:56,1
DA:58,1
DA:60,1
DA:62,1
DA:64,2
DA:65,1
DA:67,5
DA:70,0
DA:71,2
DA:72,1
DA:73,1
DA:92,1
DA:93,1
DA:94,1
DA:95,5
DA:96,1
LF:31
LH:29
end_of_record
